INFO: [VRFC 10-2263] Analyzing Verilog file "C:/vivado/project_12axis/project_12axis.ip_user_files/bd/design_1/ip/design_1_processing_system7_0_0/sim/design_1_processing_system7_0_0.v" into library xil_defaultlib
INFO: [VRFC 10-311] analyzing module design_1_processing_system7_0_0
INFO: [VRFC 10-2263] Analyzing Verilog file "C:/vivado/project_12axis/project_12axis.ip_user_files/bd/design_1/ip/design_1_xbar_0/sim/design_1_xbar_0.v" into library xil_defaultlib
INFO: [VRFC 10-311] analyzing module design_1_xbar_0
INFO: [VRFC 10-2263] Analyzing Verilog file "C:/vivado/project_12axis/project_12axis.ip_user_files/bd/design_1/ip/design_1_axi_smc_1_0/bd_0/hdl/bd_a878.v" into library xil_defaultlib
INFO: [VRFC 10-311] analyzing module bd_a878
INFO: [VRFC 10-311] analyzing module clk_map_imp_G6MO4E
INFO: [VRFC 10-311] analyzing module m00_exit_pipeline_imp_1I3LT8L
INFO: [VRFC 10-311] analyzing module s00_entry_pipeline_imp_I9HTTY
INFO: [VRFC 10-311] analyzing module s00_nodes_imp_NF95JW
INFO: [VRFC 10-2263] Analyzing SystemVerilog file "C:/vivado/project_12axis/project_12axis.ip_user_files/bd/design_1/ip/design_1_axi_smc_1_0/bd_0/ip/ip_6/sim/bd_a878_s00a2s_0.sv" into library xil_defaultlib
INFO: [VRFC 10-311] analyzing module bd_a878_s00a2s_0
INFO: [VRFC 10-2263] Analyzing SystemVerilog file "C:/vivado/project_12axis/project_12axis.ip_user_files/bd/design_1/ip/design_1_axi_smc_1_0/bd_0/ip/ip_9/sim/bd_a878_m00s2a_0.sv" into library xil_defaultlib
INFO: [VRFC 10-311] analyzing module bd_a878_m00s2a_0
INFO: [VRFC 10-2263] Analyzing SystemVerilog file "C:/vivado/project_12axis/project_12axis.ip_user_files/bd/design_1/ip/design_1_axi_smc_1_0/bd_0/ip/ip_10/sim/bd_a878_m00e_0.sv" into library xil_defaultlib
INFO: [VRFC 10-311] analyzing module bd_a878_m00e_0
INFO: [VRFC 10-2263] Analyzing SystemVerilog file "C:/vivado/project_12axis/project_12axis.ip_user_files/bd/design_1/ip/design_1_axi_smc_1_0/bd_0/ip/ip_7/sim/bd_a878_sarn_0.sv" into library xil_defaultlib
INFO: [VRFC 10-311] analyzing module bd_a878_sarn_0
INFO: [VRFC 10-2263] Analyzing SystemVerilog file "C:/vivado/project_12axis/project_12axis.ip_user_files/bd/design_1/ip/design_1_axi_smc_1_0/bd_0/ip/ip_8/sim/bd_a878_srn_0.sv" into library xil_defaultlib
INFO: [VRFC 10-311] analyzing module bd_a878_srn_0
INFO: [VRFC 10-2263] Analyzing SystemVerilog file "C:/vivado/project_12axis/project_12axis.ip_user_files/bd/design_1/ip/design_1_axi_smc_1_0/bd_0/ip/ip_2/sim/bd_a878_s00mmu_0.sv" into library xil_defaultlib
INFO: [VRFC 10-311] analyzing module bd_a878_s00mmu_0
INFO: [VRFC 10-2263] Analyzing SystemVerilog file "C:/vivado/project_12axis/project_12axis.ip_user_files/bd/design_1/ip/design_1_axi_smc_1_0/bd_0/ip/ip_4/sim/bd_a878_s00tr_0.sv" into library xil_defaultlib
INFO: [VRFC 10-311] analyzing module bd_a878_s00tr_0
INFO: [VRFC 10-2263] Analyzing SystemVerilog file "C:/vivado/project_12axis/project_12axis.ip_user_files/bd/design_1/ip/design_1_axi_smc_1_0/bd_0/ip/ip_5/sim/bd_a878_s00sic_0.sv" into library xil_defaultlib
INFO: [VRFC 10-311] analyzing module bd_a878_s00sic_0
INFO: [VRFC 10-2263] Analyzing Verilog file "C:/vivado/project_12axis/project_12axis.ip_user_files/bd/design_1/ip/design_1_axi_smc_1_0/bd_0/ip/ip_0/sim/bd_a878_one_0.v" into library xil_defaultlib
INFO: [VRFC 10-311] analyzing module bd_a878_one_0
INFO: [VRFC 10-2263] Analyzing Verilog file "C:/vivado/project_12axis/project_12axis.ip_user_files/bd/design_1/ip/design_1_xlconcat_0_0/sim/design_1_xlconcat_0_0.v" into library xil_defaultlib
INFO: [VRFC 10-311] analyzing module design_1_xlconcat_0_0
INFO: [VRFC 10-2263] Analyzing Verilog file "C:/vivado/project_12axis/project_12axis.ip_user_files/bd/design_1/ip/design_1_axi_smc_1_1/bd_0/hdl/bd_68b9.v" into library xil_defaultlib
INFO: [VRFC 10-311] analyzing module bd_68b9
INFO: [VRFC 10-311] analyzing module clk_map_imp_1P48C1U
INFO: [VRFC 10-311] analyzing module m00_exit_pipeline_imp_A8R0T5
INFO: [VRFC 10-311] analyzing module s00_entry_pipeline_imp_1AJQIU2
INFO: [VRFC 10-311] analyzing module s00_nodes_imp_1DIR3R4
INFO: [VRFC 10-2263] Analyzing SystemVerilog file "C:/vivado/project_12axis/project_12axis.ip_user_files/bd/design_1/ip/design_1_axi_smc_1_1/bd_0/ip/ip_6/sim/bd_68b9_s00a2s_0.sv" into library xil_defaultlib
INFO: [VRFC 10-311] analyzing module bd_68b9_s00a2s_0
INFO: [VRFC 10-2263] Analyzing SystemVerilog file "C:/vivado/project_12axis/project_12axis.ip_user_files/bd/design_1/ip/design_1_axi_smc_1_1/bd_0/ip/ip_9/sim/bd_68b9_m00s2a_0.sv" into library xil_defaultlib
INFO: [VRFC 10-311] analyzing module bd_68b9_m00s2a_0
INFO: [VRFC 10-2263] Analyzing SystemVerilog file "C:/vivado/project_12axis/project_12axis.ip_user_files/bd/design_1/ip/design_1_axi_smc_1_1/bd_0/ip/ip_10/sim/bd_68b9_m00e_0.sv" into library xil_defaultlib
INFO: [VRFC 10-311] analyzing module bd_68b9_m00e_0
INFO: [VRFC 10-2263] Analyzing SystemVerilog file "C:/vivado/project_12axis/project_12axis.ip_user_files/bd/design_1/ip/design_1_axi_smc_1_1/bd_0/ip/ip_7/sim/bd_68b9_sarn_0.sv" into library xil_defaultlib
INFO: [VRFC 10-311] analyzing module bd_68b9_sarn_0
INFO: [VRFC 10-2263] Analyzing SystemVerilog file "C:/vivado/project_12axis/project_12axis.ip_user_files/bd/design_1/ip/design_1_axi_smc_1_1/bd_0/ip/ip_8/sim/bd_68b9_srn_0.sv" into library xil_defaultlib
INFO: [VRFC 10-311] analyzing module bd_68b9_srn_0
INFO: [VRFC 10-2263] Analyzing SystemVerilog file "C:/vivado/project_12axis/project_12axis.ip_user_files/bd/design_1/ip/design_1_axi_smc_1_1/bd_0/ip/ip_3/sim/bd_68b9_s00mmu_0.sv" into library xil_defaultlib
INFO: [VRFC 10-311] analyzing module bd_68b9_s00mmu_0
INFO: [VRFC 10-2263] Analyzing SystemVerilog file "C:/vivado/project_12axis/project_12axis.ip_user_files/bd/design_1/ip/design_1_axi_smc_1_1/bd_0/ip/ip_4/sim/bd_68b9_s00tr_0.sv" into library xil_defaultlib
INFO: [VRFC 10-311] analyzing module bd_68b9_s00tr_0
INFO: [VRFC 10-2263] Analyzing SystemVerilog file "C:/vivado/project_12axis/project_12axis.ip_user_files/bd/design_1/ip/design_1_axi_smc_1_1/bd_0/ip/ip_5/sim/bd_68b9_s00sic_0.sv" into library xil_defaultlib
INFO: [VRFC 10-311] analyzing module bd_68b9_s00sic_0
INFO: [VRFC 10-2263] Analyzing Verilog file "C:/vivado/project_12axis/project_12axis.ip_user_files/bd/design_1/ip/design_1_axi_smc_1_1/bd_0/ip/ip_0/sim/bd_68b9_one_0.v" into library xil_defaultlib
INFO: [VRFC 10-311] analyzing module bd_68b9_one_0
INFO: [VRFC 10-2263] Analyzing Verilog file "C:/vivado/project_12axis/project_12axis.ip_user_files/bd/design_1/ip/design_1_axi_smc_2_0/bd_0/hdl/bd_a888.v" into library xil_defaultlib
INFO: [VRFC 10-311] analyzing module bd_a888
INFO: [VRFC 10-311] analyzing module clk_map_imp_1GNU3PT
INFO: [VRFC 10-311] analyzing module m00_exit_pipeline_imp_J937NU
INFO: [VRFC 10-311] analyzing module s00_entry_pipeline_imp_1J0OY2X
INFO: [VRFC 10-311] analyzing module s00_nodes_imp_1MT4N83
INFO: [VRFC 10-2263] Analyzing SystemVerilog file "C:/vivado/project_12axis/project_12axis.ip_user_files/bd/design_1/ip/design_1_axi_smc_2_0/bd_0/ip/ip_5/sim/bd_a888_s00a2s_0.sv" into library xil_defaultlib
INFO: [VRFC 10-311] analyzing module bd_a888_s00a2s_0
INFO: [VRFC 10-2263] Analyzing SystemVerilog file "C:/vivado/project_12axis/project_12axis.ip_user_files/bd/design_1/ip/design_1_axi_smc_2_0/bd_0/ip/ip_9/sim/bd_a888_m00s2a_0.sv" into library xil_defaultlib
INFO: [VRFC 10-311] analyzing module bd_a888_m00s2a_0
INFO: [VRFC 10-2263] Analyzing SystemVerilog file "C:/vivado/project_12axis/project_12axis.ip_user_files/bd/design_1/ip/design_1_axi_smc_2_0/bd_0/ip/ip_10/sim/bd_a888_m00e_0.sv" into library xil_defaultlib
INFO: [VRFC 10-311] analyzing module bd_a888_m00e_0
INFO: [VRFC 10-2263] Analyzing SystemVerilog file "C:/vivado/project_12axis/project_12axis.ip_user_files/bd/design_1/ip/design_1_axi_smc_2_0/bd_0/ip/ip_6/sim/bd_a888_sawn_0.sv" into library xil_defaultlib
INFO: [VRFC 10-311] analyzing module bd_a888_sawn_0
INFO: [VRFC 10-2263] Analyzing SystemVerilog file "C:/vivado/project_12axis/project_12axis.ip_user_files/bd/design_1/ip/design_1_axi_smc_2_0/bd_0/ip/ip_7/sim/bd_a888_swn_0.sv" into library xil_defaultlib
INFO: [VRFC 10-311] analyzing module bd_a888_swn_0
INFO: [VRFC 10-2263] Analyzing SystemVerilog file "C:/vivado/project_12axis/project_12axis.ip_user_files/bd/design_1/ip/design_1_axi_smc_2_0/bd_0/ip/ip_8/sim/bd_a888_sbn_0.sv" into library xil_defaultlib
INFO: [VRFC 10-311] analyzing module bd_a888_sbn_0
INFO: [VRFC 10-2263] Analyzing SystemVerilog file "C:/vivado/project_12axis/project_12axis.ip_user_files/bd/design_1/ip/design_1_axi_smc_2_0/bd_0/ip/ip_2/sim/bd_a888_s00mmu_0.sv" into library xil_defaultlib
INFO: [VRFC 10-311] analyzing module bd_a888_s00mmu_0
INFO: [VRFC 10-2263] Analyzing SystemVerilog file "C:/vivado/project_12axis/project_12axis.ip_user_files/bd/design_1/ip/design_1_axi_smc_2_0/bd_0/ip/ip_3/sim/bd_a888_s00tr_0.sv" into library xil_defaultlib
INFO: [VRFC 10-311] analyzing module bd_a888_s00tr_0
INFO: [VRFC 10-2263] Analyzing SystemVerilog file "C:/vivado/project_12axis/project_12axis.ip_user_files/bd/design_1/ip/design_1_axi_smc_2_0/bd_0/ip/ip_4/sim/bd_a888_s00sic_0.sv" into library xil_defaultlib
INFO: [VRFC 10-311] analyzing module bd_a888_s00sic_0
INFO: [VRFC 10-2263] Analyzing Verilog file "C:/vivado/project_12axis/project_12axis.ip_user_files/bd/design_1/ip/design_1_axi_smc_2_0/bd_0/ip/ip_0/sim/bd_a888_one_0.v" into library xil_defaultlib
INFO: [VRFC 10-311] analyzing module bd_a888_one_0
INFO: [VRFC 10-2263] Analyzing Verilog file "C:/vivado/project_12axis/project_12axis.ip_user_files/bd/design_1/ip/design_1_axi_smc_3_0/bd_0/hdl/bd_68d9.v" into library xil_defaultlib
INFO: [VRFC 10-311] analyzing module bd_68d9
INFO: [VRFC 10-311] analyzing module clk_map_imp_12BNOUC
INFO: [VRFC 10-311] analyzing module m00_exit_pipeline_imp_VTKZTR
INFO: [VRFC 10-311] analyzing module s00_entry_pipeline_imp_1V1ACM4
INFO: [VRFC 10-311] analyzing module s00_nodes_imp_1RAPA9Y
INFO: [VRFC 10-2263] Analyzing SystemVerilog file "C:/vivado/project_12axis/project_12axis.ip_user_files/bd/design_1/ip/design_1_axi_smc_3_0/bd_0/ip/ip_6/sim/bd_68d9_s00a2s_0.sv" into library xil_defaultlib
INFO: [VRFC 10-311] analyzing module bd_68d9_s00a2s_0
INFO: [VRFC 10-2263] Analyzing SystemVerilog file "C:/vivado/project_12axis/project_12axis.ip_user_files/bd/design_1/ip/design_1_axi_smc_3_0/bd_0/ip/ip_10/sim/bd_68d9_m00s2a_0.sv" into library xil_defaultlib
INFO: [VRFC 10-311] analyzing module bd_68d9_m00s2a_0
INFO: [VRFC 10-2263] Analyzing SystemVerilog file "C:/vivado/project_12axis/project_12axis.ip_user_files/bd/design_1/ip/design_1_axi_smc_3_0/bd_0/ip/ip_11/sim/bd_68d9_m00e_0.sv" into library xil_defaultlib
INFO: [VRFC 10-311] analyzing module bd_68d9_m00e_0
INFO: [VRFC 10-2263] Analyzing SystemVerilog file "C:/vivado/project_12axis/project_12axis.ip_user_files/bd/design_1/ip/design_1_axi_smc_3_0/bd_0/ip/ip_7/sim/bd_68d9_sawn_0.sv" into library xil_defaultlib
INFO: [VRFC 10-311] analyzing module bd_68d9_sawn_0
INFO: [VRFC 10-2263] Analyzing SystemVerilog file "C:/vivado/project_12axis/project_12axis.ip_user_files/bd/design_1/ip/design_1_axi_smc_3_0/bd_0/ip/ip_8/sim/bd_68d9_swn_0.sv" into library xil_defaultlib
INFO: [VRFC 10-311] analyzing module bd_68d9_swn_0
INFO: [VRFC 10-2263] Analyzing SystemVerilog file "C:/vivado/project_12axis/project_12axis.ip_user_files/bd/design_1/ip/design_1_axi_smc_3_0/bd_0/ip/ip_9/sim/bd_68d9_sbn_0.sv" into library xil_defaultlib
INFO: [VRFC 10-311] analyzing module bd_68d9_sbn_0
INFO: [VRFC 10-2263] Analyzing SystemVerilog file "C:/vivado/project_12axis/project_12axis.ip_user_files/bd/design_1/ip/design_1_axi_smc_3_0/bd_0/ip/ip_3/sim/bd_68d9_s00mmu_0.sv" into library xil_defaultlib
INFO: [VRFC 10-311] analyzing module bd_68d9_s00mmu_0
INFO: [VRFC 10-2263] Analyzing SystemVerilog file "C:/vivado/project_12axis/project_12axis.ip_user_files/bd/design_1/ip/design_1_axi_smc_3_0/bd_0/ip/ip_4/sim/bd_68d9_s00tr_0.sv" into library xil_defaultlib
INFO: [VRFC 10-311] analyzing module bd_68d9_s00tr_0
INFO: [VRFC 10-2263] Analyzing SystemVerilog file "C:/vivado/project_12axis/project_12axis.ip_user_files/bd/design_1/ip/design_1_axi_smc_3_0/bd_0/ip/ip_5/sim/bd_68d9_s00sic_0.sv" into library xil_defaultlib
INFO: [VRFC 10-311] analyzing module bd_68d9_s00sic_0
INFO: [VRFC 10-2263] Analyzing Verilog file "C:/vivado/project_12axis/project_12axis.ip_user_files/bd/design_1/ip/design_1_axi_smc_3_0/bd_0/ip/ip_0/sim/bd_68d9_one_0.v" into library xil_defaultlib
INFO: [VRFC 10-311] analyzing module bd_68d9_one_0
INFO: [VRFC 10-2263] Analyzing Verilog file "C:/vivado/project_12axis/project_12axis.srcs/sources_1/bd/design_1/ip/design_1_conv_bn_core_0_0/src/blk_mem_gen_0/simulation/blk_mem_gen_v8_3.v" into library blk_mem_gen_v8_3_6
INFO: [VRFC 10-311] analyzing module STATE_LOGIC_v8_3
INFO: [VRFC 10-311] analyzing module beh_vlog_muxf7_v8_3
INFO: [VRFC 10-311] analyzing module beh_vlog_ff_clr_v8_3
INFO: [VRFC 10-311] analyzing module beh_vlog_ff_pre_v8_3
INFO: [VRFC 10-311] analyzing module beh_vlog_ff_ce_clr_v8_3
INFO: [VRFC 10-311] analyzing module write_netlist_v8_3
INFO: [VRFC 10-311] analyzing module read_netlist_v8_3
INFO: [VRFC 10-311] analyzing module blk_mem_axi_write_wrapper_beh_v8_3
INFO: [VRFC 10-311] analyzing module blk_mem_axi_read_wrapper_beh_v8_3
INFO: [VRFC 10-311] analyzing module blk_mem_axi_regs_fwd_v8_3
INFO: [VRFC 10-311] analyzing module blk_mem_gen_v8_3_6_output_stage
INFO: [VRFC 10-311] analyzing module blk_mem_gen_v8_3_6_softecc_output_reg_stage
INFO: [VRFC 10-311] analyzing module blk_mem_gen_v8_3_6_mem_module
INFO: [VRFC 10-311] analyzing module blk_mem_gen_v8_3_6
INFO: [VRFC 10-2263] Analyzing Verilog file "C:/vivado/project_12axis/project_12axis.ip_user_files/bd/design_1/ip/design_1_conv_bn_core_0_0/src/blk_mem_gen_0/sim/blk_mem_gen_0.v" into library xil_defaultlib
INFO: [VRFC 10-311] analyzing module blk_mem_gen_0
INFO: [VRFC 10-2263] Analyzing Verilog file "C:/vivado/project_12axis/project_12axis.ip_user_files/bd/design_1/ip/design_1_conv_bn_core_0_0/src/blk_mem_gen_1/sim/blk_mem_gen_1.v" into library xil_defaultlib
INFO: [VRFC 10-311] analyzing module blk_mem_gen_1
INFO: [VRFC 10-2263] Analyzing Verilog file "C:/vivado/project_12axis/project_12axis.ip_user_files/bd/design_1/ip/design_1_conv_bn_core_0_0/src/blk_mem_gen_3/sim/blk_mem_gen_3.v" into library xil_defaultlib
INFO: [VRFC 10-311] analyzing module blk_mem_gen_3
INFO: [VRFC 10-2263] Analyzing Verilog file "C:/vivado/project_12axis/project_12axis.ip_user_files/bd/design_1/ip/design_1_conv_bn_core_0_0/src/blk_mem_gen_2/sim/blk_mem_gen_2.v" into library xil_defaultlib
INFO: [VRFC 10-311] analyzing module blk_mem_gen_2
INFO: [VRFC 10-2263] Analyzing Verilog file "C:/vivado/project_12axis/project_12axis.ip_user_files/bd/design_1/ip/design_1_tier2_xbar_0_0/sim/design_1_tier2_xbar_0_0.v" into library xil_defaultlib
INFO: [VRFC 10-311] analyzing module design_1_tier2_xbar_0_0
INFO: [VRFC 10-2263] Analyzing Verilog file "C:/vivado/project_12axis/project_12axis.ip_user_files/bd/design_1/ip/design_1_tier2_xbar_1_0/sim/design_1_tier2_xbar_1_0.v" into library xil_defaultlib
INFO: [VRFC 10-311] analyzing module design_1_tier2_xbar_1_0
INFO: [VRFC 10-2263] Analyzing Verilog file "C:/vivado/project_12axis/project_12axis.ip_user_files/bd/design_1/ip/design_1_tier2_xbar_2_0/sim/design_1_tier2_xbar_2_0.v" into library xil_defaultlib
INFO: [VRFC 10-311] analyzing module design_1_tier2_xbar_2_0
INFO: [VRFC 10-2263] Analyzing Verilog file "C:/vivado/project_12axis/project_12axis.ip_user_files/bd/design_1/ip/design_1_auto_pc_0/sim/design_1_auto_pc_0.v" into library xil_defaultlib
INFO: [VRFC 10-311] analyzing module design_1_auto_pc_0
INFO: [VRFC 10-2263] Analyzing Verilog file "C:/vivado/project_12axis/project_12axis.sim/sim_1/behav/glbl.v" into library xil_defaultlib
INFO: [VRFC 10-311] analyzing module glbl
